2015-02-03 10:52:17,813 INFO it.cnr.icar.eric.client.xml.registry.jaas.LoginModuleManager[AWT-EventQueue-0] - authentication application name: null
2015-02-03 10:52:17,813 WARN it.cnr.icar.eric.client.xml.registry.jaas.LoginModuleManager[AWT-EventQueue-0] - problem reading bundled login config file. Use default jaxr-ebxml-provider-3.1
2015-02-03 10:52:17,814 INFO it.cnr.icar.eric.client.xml.registry.jaas.LoginModuleManager[AWT-EventQueue-0] - Found java.security properties: /Library/Java/JavaVirtualMachines/jdk1.7.0_13.jdk/Contents/Home/jre/lib/security/java.security
2015-02-03 10:52:17,816 INFO it.cnr.icar.eric.client.xml.registry.jaas.LoginModuleManager[AWT-EventQueue-0] - using existing config file: .java.login.config
2015-02-03 10:52:17,874 INFO it.cnr.icar.eric.client.xml.registry.jaas.LoginModuleManager[AWT-EventQueue-0] - CallbackHandler name: it.cnr.icar.eric.client.xml.registry.jaas.DialogAuthenticationCallbackHandler
2015-02-03 10:53:08,782 INFO it.cnr.icar.eric.client.xml.registry.ConnectionImpl[AWT-EventQueue-0] - Set credentials on connection.
2015-02-03 10:54:37,280 INFO it.cnr.icar.eric.client.xml.registry.jaas.LoginModuleManager[AWT-EventQueue-0] - using existing config file: .java.login.config
2015-02-03 10:54:47,155 INFO it.cnr.icar.eric.client.xml.registry.ConnectionImpl[AWT-EventQueue-0] - Set credentials on connection.
2015-02-03 10:56:23,166 INFO it.cnr.icar.eric.client.xml.registry.jaas.LoginModuleManager[AWT-EventQueue-0] - using existing config file: .java.login.config
2015-02-03 10:56:27,689 INFO it.cnr.icar.eric.client.xml.registry.ConnectionImpl[AWT-EventQueue-0] - Set credentials on connection.
2015-02-06 08:57:46,969 WARN it.cnr.icar.eric.client.ui.swing.AdhocQuerySearchPanel[AWT-EventQueue-0] - Failed loading AdhocQuery '': obj parameter must not be null.
java.lang.IllegalArgumentException: obj parameter must not be null
	at javax.xml.bind.helpers.AbstractMarshallerImpl.checkNotNull(AbstractMarshallerImpl.java:437)
	at javax.xml.bind.helpers.AbstractMarshallerImpl.marshal(AbstractMarshallerImpl.java:115)
	at it.cnr.icar.eric.client.ui.common.UIUtility.convertToRimBinding(UIUtility.java:622)
	at it.cnr.icar.eric.client.ui.swing.AdhocQuerySearchPanel.getLocalizedValue(AdhocQuerySearchPanel.java:433)
	at it.cnr.icar.eric.client.ui.swing.AdhocQuerySearchPanel.createParameterEntryPanel(AdhocQuerySearchPanel.java:495)
	at it.cnr.icar.eric.client.ui.swing.AdhocQuerySearchPanel.getParameterEntryPanel(AdhocQuerySearchPanel.java:339)
	at it.cnr.icar.eric.client.ui.swing.AdhocQuerySearchPanel.setQuery(AdhocQuerySearchPanel.java:329)
	at it.cnr.icar.eric.client.ui.swing.AdhocQuerySearchPanel.access$5(AdhocQuerySearchPanel.java:322)
	at it.cnr.icar.eric.client.ui.swing.AdhocQuerySearchPanel$2.itemStateChanged(AdhocQuerySearchPanel.java:236)
	at javax.swing.JComboBox.fireItemStateChanged(JComboBox.java:1225)
	at javax.swing.JComboBox.selectedItemChanged(JComboBox.java:1282)
	at javax.swing.JComboBox.contentsChanged(JComboBox.java:1329)
	at javax.swing.AbstractListModel.fireContentsChanged(AbstractListModel.java:118)
	at javax.swing.DefaultComboBoxModel.setSelectedItem(DefaultComboBoxModel.java:94)
	at javax.swing.JComboBox.setSelectedItem(JComboBox.java:578)
	at javax.swing.JComboBox.setSelectedIndex(JComboBox.java:624)
	at javax.swing.plaf.basic.BasicComboPopup$Handler.mouseReleased(BasicComboPopup.java:835)
	at java.awt.AWTEventMulticaster.mouseReleased(AWTEventMulticaster.java:290)
	at java.awt.Component.processMouseEvent(Component.java:6505)
	at javax.swing.JComponent.processMouseEvent(JComponent.java:3321)
	at javax.swing.plaf.basic.BasicComboPopup$1.processMouseEvent(BasicComboPopup.java:499)
	at java.awt.Component.processEvent(Component.java:6270)
	at java.awt.Container.processEvent(Container.java:2229)
	at java.awt.Component.dispatchEventImpl(Component.java:4861)
	at java.awt.Container.dispatchEventImpl(Container.java:2287)
	at java.awt.Component.dispatchEvent(Component.java:4687)
	at java.awt.LightweightDispatcher.retargetMouseEvent(Container.java:4832)
	at java.awt.LightweightDispatcher.processMouseEvent(Container.java:4492)
	at java.awt.LightweightDispatcher.dispatchEvent(Container.java:4422)
	at java.awt.Container.dispatchEventImpl(Container.java:2273)
	at java.awt.Window.dispatchEventImpl(Window.java:2719)
	at java.awt.Component.dispatchEvent(Component.java:4687)
	at java.awt.EventQueue.dispatchEventImpl(EventQueue.java:729)
	at java.awt.EventQueue.access$200(EventQueue.java:103)
	at java.awt.EventQueue$3.run(EventQueue.java:688)
	at java.awt.EventQueue$3.run(EventQueue.java:686)
	at java.security.AccessController.doPrivileged(Native Method)
	at java.security.ProtectionDomain$1.doIntersectionPrivilege(ProtectionDomain.java:76)
	at java.security.ProtectionDomain$1.doIntersectionPrivilege(ProtectionDomain.java:87)
	at java.awt.EventQueue$4.run(EventQueue.java:702)
	at java.awt.EventQueue$4.run(EventQueue.java:700)
	at java.security.AccessController.doPrivileged(Native Method)
	at java.security.ProtectionDomain$1.doIntersectionPrivilege(ProtectionDomain.java:76)
	at java.awt.EventQueue.dispatchEvent(EventQueue.java:699)
	at java.awt.EventDispatchThread.pumpOneEventForFilters(EventDispatchThread.java:242)
	at java.awt.EventDispatchThread.pumpEventsForFilter(EventDispatchThread.java:161)
	at java.awt.EventDispatchThread.pumpEventsForHierarchy(EventDispatchThread.java:150)
	at java.awt.EventDispatchThread.pumpEvents(EventDispatchThread.java:146)
	at java.awt.EventDispatchThread.pumpEvents(EventDispatchThread.java:138)
	at java.awt.EventDispatchThread.run(EventDispatchThread.java:91)
2015-02-06 08:57:46,973 ERROR it.cnr.icar.eric.client.ui.swing.RegistryBrowser[AWT-EventQueue-0] - Failed loading AdhocQuery '': obj parameter must not be null.
java.lang.IllegalArgumentException: obj parameter must not be null
	at javax.xml.bind.helpers.AbstractMarshallerImpl.checkNotNull(AbstractMarshallerImpl.java:437)
	at javax.xml.bind.helpers.AbstractMarshallerImpl.marshal(AbstractMarshallerImpl.java:115)
	at it.cnr.icar.eric.client.ui.common.UIUtility.convertToRimBinding(UIUtility.java:622)
	at it.cnr.icar.eric.client.ui.swing.AdhocQuerySearchPanel.getLocalizedValue(AdhocQuerySearchPanel.java:433)
	at it.cnr.icar.eric.client.ui.swing.AdhocQuerySearchPanel.createParameterEntryPanel(AdhocQuerySearchPanel.java:495)
	at it.cnr.icar.eric.client.ui.swing.AdhocQuerySearchPanel.getParameterEntryPanel(AdhocQuerySearchPanel.java:339)
	at it.cnr.icar.eric.client.ui.swing.AdhocQuerySearchPanel.setQuery(AdhocQuerySearchPanel.java:329)
	at it.cnr.icar.eric.client.ui.swing.AdhocQuerySearchPanel.access$5(AdhocQuerySearchPanel.java:322)
	at it.cnr.icar.eric.client.ui.swing.AdhocQuerySearchPanel$2.itemStateChanged(AdhocQuerySearchPanel.java:236)
	at javax.swing.JComboBox.fireItemStateChanged(JComboBox.java:1225)
	at javax.swing.JComboBox.selectedItemChanged(JComboBox.java:1282)
	at javax.swing.JComboBox.contentsChanged(JComboBox.java:1329)
	at javax.swing.AbstractListModel.fireContentsChanged(AbstractListModel.java:118)
	at javax.swing.DefaultComboBoxModel.setSelectedItem(DefaultComboBoxModel.java:94)
	at javax.swing.JComboBox.setSelectedItem(JComboBox.java:578)
	at javax.swing.JComboBox.setSelectedIndex(JComboBox.java:624)
	at javax.swing.plaf.basic.BasicComboPopup$Handler.mouseReleased(BasicComboPopup.java:835)
	at java.awt.AWTEventMulticaster.mouseReleased(AWTEventMulticaster.java:290)
	at java.awt.Component.processMouseEvent(Component.java:6505)
	at javax.swing.JComponent.processMouseEvent(JComponent.java:3321)
	at javax.swing.plaf.basic.BasicComboPopup$1.processMouseEvent(BasicComboPopup.java:499)
	at java.awt.Component.processEvent(Component.java:6270)
	at java.awt.Container.processEvent(Container.java:2229)
	at java.awt.Component.dispatchEventImpl(Component.java:4861)
	at java.awt.Container.dispatchEventImpl(Container.java:2287)
	at java.awt.Component.dispatchEvent(Component.java:4687)
	at java.awt.LightweightDispatcher.retargetMouseEvent(Container.java:4832)
	at java.awt.LightweightDispatcher.processMouseEvent(Container.java:4492)
	at java.awt.LightweightDispatcher.dispatchEvent(Container.java:4422)
	at java.awt.Container.dispatchEventImpl(Container.java:2273)
	at java.awt.Window.dispatchEventImpl(Window.java:2719)
	at java.awt.Component.dispatchEvent(Component.java:4687)
	at java.awt.EventQueue.dispatchEventImpl(EventQueue.java:729)
	at java.awt.EventQueue.access$200(EventQueue.java:103)
	at java.awt.EventQueue$3.run(EventQueue.java:688)
	at java.awt.EventQueue$3.run(EventQueue.java:686)
	at java.security.AccessController.doPrivileged(Native Method)
	at java.security.ProtectionDomain$1.doIntersectionPrivilege(ProtectionDomain.java:76)
	at java.security.ProtectionDomain$1.doIntersectionPrivilege(ProtectionDomain.java:87)
	at java.awt.EventQueue$4.run(EventQueue.java:702)
	at java.awt.EventQueue$4.run(EventQueue.java:700)
	at java.security.AccessController.doPrivileged(Native Method)
	at java.security.ProtectionDomain$1.doIntersectionPrivilege(ProtectionDomain.java:76)
	at java.awt.EventQueue.dispatchEvent(EventQueue.java:699)
	at java.awt.EventDispatchThread.pumpOneEventForFilters(EventDispatchThread.java:242)
	at java.awt.EventDispatchThread.pumpEventsForFilter(EventDispatchThread.java:161)
	at java.awt.EventDispatchThread.pumpEventsForHierarchy(EventDispatchThread.java:150)
	at java.awt.EventDispatchThread.pumpEvents(EventDispatchThread.java:146)
	at java.awt.EventDispatchThread.pumpEvents(EventDispatchThread.java:138)
	at java.awt.EventDispatchThread.run(EventDispatchThread.java:91)
2015-02-06 08:57:46,973 ERROR it.cnr.icar.eric.client.ui.swing.RegistryBrowser[AWT-EventQueue-0] - Failed loading AdhocQuery '': obj parameter must not be null.
obj parameter must not be null
2015-02-06 08:57:54,755 WARN it.cnr.icar.eric.client.ui.swing.AdhocQuerySearchPanel[AWT-EventQueue-0] - Failed loading AdhocQuery '': obj parameter must not be null.
java.lang.IllegalArgumentException: obj parameter must not be null
	at javax.xml.bind.helpers.AbstractMarshallerImpl.checkNotNull(AbstractMarshallerImpl.java:437)
	at javax.xml.bind.helpers.AbstractMarshallerImpl.marshal(AbstractMarshallerImpl.java:115)
	at it.cnr.icar.eric.client.ui.common.UIUtility.convertToRimBinding(UIUtility.java:622)
	at it.cnr.icar.eric.client.ui.swing.AdhocQuerySearchPanel.getLocalizedValue(AdhocQuerySearchPanel.java:433)
	at it.cnr.icar.eric.client.ui.swing.AdhocQuerySearchPanel.createParameterEntryPanel(AdhocQuerySearchPanel.java:496)
	at it.cnr.icar.eric.client.ui.swing.AdhocQuerySearchPanel.getParameterEntryPanel(AdhocQuerySearchPanel.java:339)
	at it.cnr.icar.eric.client.ui.swing.AdhocQuerySearchPanel.setQuery(AdhocQuerySearchPanel.java:329)
	at it.cnr.icar.eric.client.ui.swing.AdhocQuerySearchPanel.access$5(AdhocQuerySearchPanel.java:322)
	at it.cnr.icar.eric.client.ui.swing.AdhocQuerySearchPanel$2.itemStateChanged(AdhocQuerySearchPanel.java:236)
	at javax.swing.JComboBox.fireItemStateChanged(JComboBox.java:1225)
	at javax.swing.JComboBox.selectedItemChanged(JComboBox.java:1282)
	at javax.swing.JComboBox.contentsChanged(JComboBox.java:1329)
	at javax.swing.AbstractListModel.fireContentsChanged(AbstractListModel.java:118)
	at javax.swing.DefaultComboBoxModel.setSelectedItem(DefaultComboBoxModel.java:94)
	at javax.swing.JComboBox.setSelectedItem(JComboBox.java:578)
	at javax.swing.JComboBox.setSelectedIndex(JComboBox.java:624)
	at javax.swing.plaf.basic.BasicComboPopup$Handler.mouseReleased(BasicComboPopup.java:835)
	at java.awt.AWTEventMulticaster.mouseReleased(AWTEventMulticaster.java:290)
	at java.awt.Component.processMouseEvent(Component.java:6505)
	at javax.swing.JComponent.processMouseEvent(JComponent.java:3321)
	at javax.swing.plaf.basic.BasicComboPopup$1.processMouseEvent(BasicComboPopup.java:499)
	at java.awt.Component.processEvent(Component.java:6270)
	at java.awt.Container.processEvent(Container.java:2229)
	at java.awt.Component.dispatchEventImpl(Component.java:4861)
	at java.awt.Container.dispatchEventImpl(Container.java:2287)
	at java.awt.Component.dispatchEvent(Component.java:4687)
	at java.awt.LightweightDispatcher.retargetMouseEvent(Container.java:4832)
	at java.awt.LightweightDispatcher.processMouseEvent(Container.java:4492)
	at java.awt.LightweightDispatcher.dispatchEvent(Container.java:4422)
	at java.awt.Container.dispatchEventImpl(Container.java:2273)
	at java.awt.Window.dispatchEventImpl(Window.java:2719)
	at java.awt.Component.dispatchEvent(Component.java:4687)
	at java.awt.EventQueue.dispatchEventImpl(EventQueue.java:729)
	at java.awt.EventQueue.access$200(EventQueue.java:103)
	at java.awt.EventQueue$3.run(EventQueue.java:688)
	at java.awt.EventQueue$3.run(EventQueue.java:686)
	at java.security.AccessController.doPrivileged(Native Method)
	at java.security.ProtectionDomain$1.doIntersectionPrivilege(ProtectionDomain.java:76)
	at java.security.ProtectionDomain$1.doIntersectionPrivilege(ProtectionDomain.java:87)
	at java.awt.EventQueue$4.run(EventQueue.java:702)
	at java.awt.EventQueue$4.run(EventQueue.java:700)
	at java.security.AccessController.doPrivileged(Native Method)
	at java.security.ProtectionDomain$1.doIntersectionPrivilege(ProtectionDomain.java:76)
	at java.awt.EventQueue.dispatchEvent(EventQueue.java:699)
	at java.awt.EventDispatchThread.pumpOneEventForFilters(EventDispatchThread.java:242)
	at java.awt.EventDispatchThread.pumpEventsForFilter(EventDispatchThread.java:161)
	at java.awt.EventDispatchThread.pumpEventsForHierarchy(EventDispatchThread.java:150)
	at java.awt.EventDispatchThread.pumpEvents(EventDispatchThread.java:146)
	at java.awt.EventDispatchThread.pumpEvents(EventDispatchThread.java:138)
	at java.awt.EventDispatchThread.run(EventDispatchThread.java:91)
2015-02-06 08:57:54,758 ERROR it.cnr.icar.eric.client.ui.swing.RegistryBrowser[AWT-EventQueue-0] - Failed loading AdhocQuery '': obj parameter must not be null.
java.lang.IllegalArgumentException: obj parameter must not be null
	at javax.xml.bind.helpers.AbstractMarshallerImpl.checkNotNull(AbstractMarshallerImpl.java:437)
	at javax.xml.bind.helpers.AbstractMarshallerImpl.marshal(AbstractMarshallerImpl.java:115)
	at it.cnr.icar.eric.client.ui.common.UIUtility.convertToRimBinding(UIUtility.java:622)
	at it.cnr.icar.eric.client.ui.swing.AdhocQuerySearchPanel.getLocalizedValue(AdhocQuerySearchPanel.java:433)
	at it.cnr.icar.eric.client.ui.swing.AdhocQuerySearchPanel.createParameterEntryPanel(AdhocQuerySearchPanel.java:496)
	at it.cnr.icar.eric.client.ui.swing.AdhocQuerySearchPanel.getParameterEntryPanel(AdhocQuerySearchPanel.java:339)
	at it.cnr.icar.eric.client.ui.swing.AdhocQuerySearchPanel.setQuery(AdhocQuerySearchPanel.java:329)
	at it.cnr.icar.eric.client.ui.swing.AdhocQuerySearchPanel.access$5(AdhocQuerySearchPanel.java:322)
	at it.cnr.icar.eric.client.ui.swing.AdhocQuerySearchPanel$2.itemStateChanged(AdhocQuerySearchPanel.java:236)
	at javax.swing.JComboBox.fireItemStateChanged(JComboBox.java:1225)
	at javax.swing.JComboBox.selectedItemChanged(JComboBox.java:1282)
	at javax.swing.JComboBox.contentsChanged(JComboBox.java:1329)
	at javax.swing.AbstractListModel.fireContentsChanged(AbstractListModel.java:118)
	at javax.swing.DefaultComboBoxModel.setSelectedItem(DefaultComboBoxModel.java:94)
	at javax.swing.JComboBox.setSelectedItem(JComboBox.java:578)
	at javax.swing.JComboBox.setSelectedIndex(JComboBox.java:624)
	at javax.swing.plaf.basic.BasicComboPopup$Handler.mouseReleased(BasicComboPopup.java:835)
	at java.awt.AWTEventMulticaster.mouseReleased(AWTEventMulticaster.java:290)
	at java.awt.Component.processMouseEvent(Component.java:6505)
	at javax.swing.JComponent.processMouseEvent(JComponent.java:3321)
	at javax.swing.plaf.basic.BasicComboPopup$1.processMouseEvent(BasicComboPopup.java:499)
	at java.awt.Component.processEvent(Component.java:6270)
	at java.awt.Container.processEvent(Container.java:2229)
	at java.awt.Component.dispatchEventImpl(Component.java:4861)
	at java.awt.Container.dispatchEventImpl(Container.java:2287)
	at java.awt.Component.dispatchEvent(Component.java:4687)
	at java.awt.LightweightDispatcher.retargetMouseEvent(Container.java:4832)
	at java.awt.LightweightDispatcher.processMouseEvent(Container.java:4492)
	at java.awt.LightweightDispatcher.dispatchEvent(Container.java:4422)
	at java.awt.Container.dispatchEventImpl(Container.java:2273)
	at java.awt.Window.dispatchEventImpl(Window.java:2719)
	at java.awt.Component.dispatchEvent(Component.java:4687)
	at java.awt.EventQueue.dispatchEventImpl(EventQueue.java:729)
	at java.awt.EventQueue.access$200(EventQueue.java:103)
	at java.awt.EventQueue$3.run(EventQueue.java:688)
	at java.awt.EventQueue$3.run(EventQueue.java:686)
	at java.security.AccessController.doPrivileged(Native Method)
	at java.security.ProtectionDomain$1.doIntersectionPrivilege(ProtectionDomain.java:76)
	at java.security.ProtectionDomain$1.doIntersectionPrivilege(ProtectionDomain.java:87)
	at java.awt.EventQueue$4.run(EventQueue.java:702)
	at java.awt.EventQueue$4.run(EventQueue.java:700)
	at java.security.AccessController.doPrivileged(Native Method)
	at java.security.ProtectionDomain$1.doIntersectionPrivilege(ProtectionDomain.java:76)
	at java.awt.EventQueue.dispatchEvent(EventQueue.java:699)
	at java.awt.EventDispatchThread.pumpOneEventForFilters(EventDispatchThread.java:242)
	at java.awt.EventDispatchThread.pumpEventsForFilter(EventDispatchThread.java:161)
	at java.awt.EventDispatchThread.pumpEventsForHierarchy(EventDispatchThread.java:150)
	at java.awt.EventDispatchThread.pumpEvents(EventDispatchThread.java:146)
	at java.awt.EventDispatchThread.pumpEvents(EventDispatchThread.java:138)
	at java.awt.EventDispatchThread.run(EventDispatchThread.java:91)
2015-02-06 08:57:54,759 ERROR it.cnr.icar.eric.client.ui.swing.RegistryBrowser[AWT-EventQueue-0] - Failed loading AdhocQuery '': obj parameter must not be null.
obj parameter must not be null
2015-02-06 11:28:45,387 ERROR it.cnr.icar.eric.client.ui.swing.RegistryBrowser[Thread-63] - javax.xml.registry.RegistryException: Error: Could not create Connection to database. Check if database is already running in another program (e.g. registry servlet in tomcat)
2015-02-06 11:28:45,387 ERROR it.cnr.icar.eric.client.ui.swing.RegistryBrowser[Thread-63] - Error: Could not create Connection to database. Check if database is already running in another program (e.g. registry servlet in tomcat)
2015-02-06 11:28:49,261 ERROR it.cnr.icar.eric.client.ui.swing.SwingWorker[AWT-EventQueue-0] - SwingWorker error: java.lang.NullPointerException: null
java.lang.NullPointerException
	at it.cnr.icar.eric.client.ui.swing.RegistryObjectsTableModel.update(RegistryObjectsTableModel.java:311)
	at it.cnr.icar.eric.client.ui.swing.RegistryObjectsTable.updateModel(RegistryObjectsTable.java:1337)
	at it.cnr.icar.eric.client.ui.swing.DiscoveryPanel$1.doUIUpdateLogic(DiscoveryPanel.java:156)
	at it.cnr.icar.eric.client.ui.swing.SwingWorker.finished(SwingWorker.java:277)
	at it.cnr.icar.eric.client.ui.swing.SwingWorker$1.run(SwingWorker.java:140)
	at java.awt.event.InvocationEvent.dispatch(InvocationEvent.java:251)
	at java.awt.EventQueue.dispatchEventImpl(EventQueue.java:727)
	at java.awt.EventQueue.access$200(EventQueue.java:103)
	at java.awt.EventQueue$3.run(EventQueue.java:688)
	at java.awt.EventQueue$3.run(EventQueue.java:686)
	at java.security.AccessController.doPrivileged(Native Method)
	at java.security.ProtectionDomain$1.doIntersectionPrivilege(ProtectionDomain.java:76)
	at java.awt.EventQueue.dispatchEvent(EventQueue.java:697)
	at java.awt.EventDispatchThread.pumpOneEventForFilters(EventDispatchThread.java:242)
	at java.awt.EventDispatchThread.pumpEventsForFilter(EventDispatchThread.java:161)
	at java.awt.EventDispatchThread.pumpEventsForHierarchy(EventDispatchThread.java:150)
	at java.awt.EventDispatchThread.pumpEvents(EventDispatchThread.java:146)
	at java.awt.EventDispatchThread.pumpEvents(EventDispatchThread.java:138)
	at java.awt.EventDispatchThread.run(EventDispatchThread.java:91)
2015-02-06 11:28:51,300 ERROR it.cnr.icar.eric.client.ui.swing.RegistryBrowser[Thread-64] - javax.xml.registry.RegistryException: Error: Could not create Connection to database. Check if database is already running in another program (e.g. registry servlet in tomcat)
2015-02-06 11:28:51,300 ERROR it.cnr.icar.eric.client.ui.swing.RegistryBrowser[Thread-64] - Error: Could not create Connection to database. Check if database is already running in another program (e.g. registry servlet in tomcat)
2015-02-06 11:28:59,872 ERROR it.cnr.icar.eric.client.ui.swing.SwingWorker[AWT-EventQueue-0] - SwingWorker error: java.lang.NullPointerException: null
java.lang.NullPointerException
	at it.cnr.icar.eric.client.ui.swing.RegistryObjectsTableModel.update(RegistryObjectsTableModel.java:311)
	at it.cnr.icar.eric.client.ui.swing.RegistryObjectsTable.updateModel(RegistryObjectsTable.java:1337)
	at it.cnr.icar.eric.client.ui.swing.DiscoveryPanel$1.doUIUpdateLogic(DiscoveryPanel.java:156)
	at it.cnr.icar.eric.client.ui.swing.SwingWorker.finished(SwingWorker.java:277)
	at it.cnr.icar.eric.client.ui.swing.SwingWorker$1.run(SwingWorker.java:140)
	at java.awt.event.InvocationEvent.dispatch(InvocationEvent.java:251)
	at java.awt.EventQueue.dispatchEventImpl(EventQueue.java:727)
	at java.awt.EventQueue.access$200(EventQueue.java:103)
	at java.awt.EventQueue$3.run(EventQueue.java:688)
	at java.awt.EventQueue$3.run(EventQueue.java:686)
	at java.security.AccessController.doPrivileged(Native Method)
	at java.security.ProtectionDomain$1.doIntersectionPrivilege(ProtectionDomain.java:76)
	at java.awt.EventQueue.dispatchEvent(EventQueue.java:697)
	at java.awt.EventDispatchThread.pumpOneEventForFilters(EventDispatchThread.java:242)
	at java.awt.EventDispatchThread.pumpEventsForFilter(EventDispatchThread.java:161)
	at java.awt.EventDispatchThread.pumpEventsForHierarchy(EventDispatchThread.java:150)
	at java.awt.EventDispatchThread.pumpEvents(EventDispatchThread.java:146)
	at java.awt.EventDispatchThread.pumpEvents(EventDispatchThread.java:138)
	at java.awt.EventDispatchThread.run(EventDispatchThread.java:91)
